<?xml version="1.0" encoding="UTF-8"?>
<testsuite xmlns:xsi="http://www.w3.org/2001/XMLSchema-instance" xsi:noNamespaceSchemaLocation="https://maven.apache.org/surefire/maven-surefire-plugin/xsd/surefire-test-report-3.0.xsd" version="3.0" name="ict.minesunshineone.uid.UIDManagerTest" time="1.713" tests="2" errors="2" skipped="0" failures="0">
  <properties>
[...]
</properties>
  <testcase name="getUID_ShouldReturnCachedUID" classname="ict.minesunshineone.uid.UIDManagerTest" time="1.674">
    <error message="Cannot invoke &quot;org.bukkit.configuration.file.FileConfiguration.getLong(String, long)&quot; because the return value of &quot;ict.minesunshineone.uid.UIDPlugin.getConfig()&quot; is null" type="java.lang.NullPointerException"><![CDATA[java.lang.NullPointerException: Cannot invoke "org.bukkit.configuration.file.FileConfiguration.getLong(String, long)" because the return value of "ict.minesunshineone.uid.UIDPlugin.getConfig()" is null
	at ict.minesunshineone.uid.manager.UIDManager.<init>(UIDManager.java:45)
	at ict.minesunshineone.uid.UIDManagerTest.setUp(UIDManagerTest.java:43)
	at java.base/java.lang.reflect.Method.invoke(Method.java:580)
	at java.base/java.util.ArrayList.forEach(ArrayList.java:1596)
	at java.base/java.util.ArrayList.forEach(ArrayList.java:1596)
]]></error>
    <system-err><![CDATA[WARNING: A Java agent has been loaded dynamically (E:\maven\Repository\net\bytebuddy\byte-buddy-agent\1.14.10\byte-buddy-agent-1.14.10.jar)
WARNING: If a serviceability tool is in use, please run with -XX:+EnableDynamicAgentLoading to hide this warning
WARNING: If a serviceability tool is not in use, please run with -Djdk.instrument.traceUsage for more information
WARNING: Dynamic loading of agents will be disallowed by default in a future release
]]></system-err>
  </testcase>
  <testcase name="generateUID_ShouldCreateNewUID" classname="ict.minesunshineone.uid.UIDManagerTest" time="0.004">
    <error message="Cannot invoke &quot;org.bukkit.configuration.file.FileConfiguration.getLong(String, long)&quot; because the return value of &quot;ict.minesunshineone.uid.UIDPlugin.getConfig()&quot; is null" type="java.lang.NullPointerException"><![CDATA[java.lang.NullPointerException: Cannot invoke "org.bukkit.configuration.file.FileConfiguration.getLong(String, long)" because the return value of "ict.minesunshineone.uid.UIDPlugin.getConfig()" is null
	at ict.minesunshineone.uid.manager.UIDManager.<init>(UIDManager.java:45)
	at ict.minesunshineone.uid.UIDManagerTest.setUp(UIDManagerTest.java:43)
	at java.base/java.lang.reflect.Method.invoke(Method.java:580)
	at java.base/java.util.ArrayList.forEach(ArrayList.java:1596)
	at java.base/java.util.ArrayList.forEach(ArrayList.java:1596)
]]></error>
  </testcase>
</testsuite>